02/22/19 22:13:20 [18152][79fc5856-a7ba-a277-8f30-5ba5661ee5d2][ERROR] Warning: Multiple links found for relationship ent_entrevues_users within module ent_Entrevues
02/22/19 22:13:20 [18152][79fc5856-a7ba-a277-8f30-5ba5661ee5d2][ERROR] Warning: Multiple links found for relationship ent_entrevues_users within module Users
02/22/19 22:13:20 [18152][79fc5856-a7ba-a277-8f30-5ba5661ee5d2][ERROR] Warning: Multiple links found for relationship ent_entrevues_users within module ent_Entrevues
02/22/19 22:13:20 [18152][79fc5856-a7ba-a277-8f30-5ba5661ee5d2][ERROR] Warning: Multiple links found for relationship ent_entrevues_users within module Users
02/22/19 22:13:21 [18152][1][ERROR] Warning: Multiple links found for relationship ent_entrevues_users within module ent_Entrevues
02/22/19 22:13:21 [18152][1][ERROR] Warning: Multiple links found for relationship ent_entrevues_users within module Users
02/22/19 22:13:23 [18152][1][ERROR] Warning: Multiple links found for relationship ent_entrevues_users within module ent_Entrevues
02/22/19 22:13:23 [18152][1][ERROR] Warning: Multiple links found for relationship ent_entrevues_users within module Users
02/22/19 22:13:23 [18152][1][ERROR] Warning: Multiple links found for relationship pat_partenariats_pat_patients within module pat_Partenariats
02/22/19 22:13:23 [18152][1][ERROR] Warning: Multiple links found for relationship pat_partenariats_pat_patients within module pat_Patients
02/22/19 22:13:23 [18152][1][ERROR] Warning: Multiple links found for relationship pat_patients_accounts within module pat_Patients
02/22/19 22:13:23 [18152][1][ERROR] Warning: Multiple links found for relationship pat_patients_accounts within module Accounts
02/22/19 22:13:23 [18152][1][ERROR] Warning: Multiple links found for relationship pat_patients_pat_partenariats within module pat_Patients
02/22/19 22:13:23 [18152][1][ERROR] Warning: Multiple links found for relationship pat_patients_pat_partenariats within module pat_Partenariats
02/22/19 22:13:24 [18152][1][ERROR] Warning: Multiple links found for relationship ent_entrevues_users within module ent_Entrevues
02/22/19 22:13:24 [18152][1][ERROR] Warning: Multiple links found for relationship ent_entrevues_users within module Users
02/22/19 22:13:24 [18152][1][ERROR] Warning: Multiple links found for relationship pat_partenariats_pat_patients within module pat_Partenariats
02/22/19 22:13:24 [18152][1][ERROR] Warning: Multiple links found for relationship pat_partenariats_pat_patients within module pat_Patients
02/22/19 22:13:24 [18152][1][ERROR] Warning: Multiple links found for relationship pat_patients_accounts within module pat_Patients
02/22/19 22:13:24 [18152][1][ERROR] Warning: Multiple links found for relationship pat_patients_accounts within module Accounts
02/22/19 22:13:24 [18152][1][ERROR] Warning: Multiple links found for relationship pat_patients_pat_partenariats within module pat_Patients
02/22/19 22:13:24 [18152][1][ERROR] Warning: Multiple links found for relationship pat_patients_pat_partenariats within module pat_Partenariats
02/22/19 22:13:29 [18152][1][ERROR] Warning: Multiple links found for relationship ent_entrevues_users within module ent_Entrevues
02/22/19 22:13:29 [18152][1][ERROR] Warning: Multiple links found for relationship ent_entrevues_users within module Users
02/22/19 22:13:29 [18152][1][ERROR] Warning: Multiple links found for relationship pat_partenariats_pat_patients within module pat_Partenariats
02/22/19 22:13:29 [18152][1][ERROR] Warning: Multiple links found for relationship pat_partenariats_pat_patients within module pat_Patients
02/22/19 22:13:29 [18152][1][ERROR] Warning: Multiple links found for relationship pat_patients_accounts within module pat_Patients
02/22/19 22:13:29 [18152][1][ERROR] Warning: Multiple links found for relationship pat_patients_accounts within module Accounts
02/22/19 22:13:29 [18152][1][ERROR] Warning: Multiple links found for relationship pat_patients_pat_partenariats within module pat_Patients
02/22/19 22:13:29 [18152][1][ERROR] Warning: Multiple links found for relationship pat_patients_pat_partenariats within module pat_Partenariats
02/22/19 22:13:30 [18152][1][ERROR] Warning: Multiple links found for relationship pat_partenariats_pat_patients within module pat_Partenariats
02/22/19 22:13:30 [18152][1][ERROR] Warning: Multiple links found for relationship pat_partenariats_pat_patients within module pat_Patients
02/22/19 22:13:30 [18152][1][ERROR] Warning: Multiple links found for relationship pat_patients_accounts within module pat_Patients
02/22/19 22:13:30 [18152][1][ERROR] Warning: Multiple links found for relationship pat_patients_accounts within module Accounts
02/22/19 22:13:30 [18152][1][ERROR] Warning: Multiple links found for relationship pat_patients_pat_partenariats within module pat_Patients
02/22/19 22:13:30 [18152][1][ERROR] Warning: Multiple links found for relationship pat_patients_pat_partenariats within module pat_Partenariats
02/22/19 22:13:30 [18152][1][ERROR] Unable to load custom logic file: custom/modules/pat_Patients/Patients_Hook.php
02/22/19 22:13:30 [18152][1][ERROR] Warning: Multiple links found for relationship pat_partenariats_pat_patients within module pat_Partenariats
02/22/19 22:13:30 [18152][1][ERROR] Warning: Multiple links found for relationship pat_partenariats_pat_patients within module pat_Patients
02/22/19 22:13:30 [18152][1][ERROR] Warning: Multiple links found for relationship pat_patients_accounts within module pat_Patients
02/22/19 22:13:30 [18152][1][ERROR] Warning: Multiple links found for relationship pat_patients_accounts within module Accounts
02/22/19 22:13:30 [18152][1][ERROR] Warning: Multiple links found for relationship pat_patients_pat_partenariats within module pat_Patients
02/22/19 22:13:30 [18152][1][ERROR] Warning: Multiple links found for relationship pat_patients_pat_partenariats within module pat_Partenariats
02/22/19 22:13:34 [18152][1][ERROR] Unable to load custom logic file: custom/modules/pat_Patients/Patients_Hook.php
02/22/19 22:13:34 [18152][1][ERROR] Warning: Multiple links found for relationship pat_partenariats_pat_patients within module pat_Partenariats
02/22/19 22:13:34 [18152][1][ERROR] Warning: Multiple links found for relationship pat_partenariats_pat_patients within module pat_Patients
02/22/19 22:13:34 [18152][1][ERROR] Warning: Multiple links found for relationship pat_patients_accounts within module pat_Patients
02/22/19 22:13:34 [18152][1][ERROR] Warning: Multiple links found for relationship pat_patients_accounts within module Accounts
02/22/19 22:13:34 [18152][1][ERROR] Warning: Multiple links found for relationship pat_patients_pat_partenariats within module pat_Patients
02/22/19 22:13:34 [18152][1][ERROR] Warning: Multiple links found for relationship pat_patients_pat_partenariats within module pat_Partenariats
02/22/19 22:13:34 [18152][-none-][ERROR] Can't delete file: "modules/AOD_Index/Index/Index/_5o.fdx"
#0 C:\wamp64\www\ceppp\modules\AOD_Index\Lib\Zend\Search\Lucene\Index\SegmentWriter.php(632): Zend_Search_Lucene_Storage_Directory_Filesystem->deleteFile('_5o.fdx')
#1 C:\wamp64\www\ceppp\modules\AOD_Index\Lib\Zend\Search\Lucene\Index\SegmentWriter\DocumentWriter.php(219): Zend_Search_Lucene_Index_SegmentWriter->_generateCFS()
#2 C:\wamp64\www\ceppp\modules\AOD_Index\Lib\Zend\Search\Lucene\Index\Writer.php(771): Zend_Search_Lucene_Index_SegmentWriter_DocumentWriter->close()
#3 C:\wamp64\www\ceppp\modules\AOD_Index\Lib\Zend\Search\Lucene.php(1449): Zend_Search_Lucene_Index_Writer->commit()
#4 C:\wamp64\www\ceppp\modules\AOD_Index\Lib\Zend\Search\Lucene.php(586): Zend_Search_Lucene->commit()
#5 C:\wamp64\www\ceppp\modules\AOD_Index\Lib\Zend\Search\Lucene.php(633): Zend_Search_Lucene->_close()
#6 [internal function]: Zend_Search_Lucene->__destruct()
#7 {main}
02/22/19 22:13:34 [18152][-none-][ERROR] Can't delete file: "modules/AOD_Index/Index/Index/_5o.fdt"
#0 C:\wamp64\www\ceppp\modules\AOD_Index\Lib\Zend\Search\Lucene\Index\SegmentWriter.php(632): Zend_Search_Lucene_Storage_Directory_Filesystem->deleteFile('_5o.fdt')
#1 C:\wamp64\www\ceppp\modules\AOD_Index\Lib\Zend\Search\Lucene\Index\SegmentWriter\DocumentWriter.php(219): Zend_Search_Lucene_Index_SegmentWriter->_generateCFS()
#2 C:\wamp64\www\ceppp\modules\AOD_Index\Lib\Zend\Search\Lucene\Index\Writer.php(771): Zend_Search_Lucene_Index_SegmentWriter_DocumentWriter->close()
#3 C:\wamp64\www\ceppp\modules\AOD_Index\Lib\Zend\Search\Lucene.php(1449): Zend_Search_Lucene_Index_Writer->commit()
#4 C:\wamp64\www\ceppp\modules\AOD_Index\Lib\Zend\Search\Lucene.php(586): Zend_Search_Lucene->commit()
#5 C:\wamp64\www\ceppp\modules\AOD_Index\Lib\Zend\Search\Lucene.php(633): Zend_Search_Lucene->_close()
#6 [internal function]: Zend_Search_Lucene->__destruct()
#7 {main}
02/22/19 22:13:34 [18152][-none-][ERROR] Can't delete file: "modules/AOD_Index/Index/Index/_5o.fnm"
#0 C:\wamp64\www\ceppp\modules\AOD_Index\Lib\Zend\Search\Lucene\Index\SegmentWriter.php(632): Zend_Search_Lucene_Storage_Directory_Filesystem->deleteFile('_5o.fnm')
#1 C:\wamp64\www\ceppp\modules\AOD_Index\Lib\Zend\Search\Lucene\Index\SegmentWriter\DocumentWriter.php(219): Zend_Search_Lucene_Index_SegmentWriter->_generateCFS()
#2 C:\wamp64\www\ceppp\modules\AOD_Index\Lib\Zend\Search\Lucene\Index\Writer.php(771): Zend_Search_Lucene_Index_SegmentWriter_DocumentWriter->close()
#3 C:\wamp64\www\ceppp\modules\AOD_Index\Lib\Zend\Search\Lucene.php(1449): Zend_Search_Lucene_Index_Writer->commit()
#4 C:\wamp64\www\ceppp\modules\AOD_Index\Lib\Zend\Search\Lucene.php(586): Zend_Search_Lucene->commit()
#5 C:\wamp64\www\ceppp\modules\AOD_Index\Lib\Zend\Search\Lucene.php(633): Zend_Search_Lucene->_close()
#6 [internal function]: Zend_Search_Lucene->__destruct()
#7 {main}
02/22/19 22:13:34 [18152][-none-][ERROR] Can't delete file: "modules/AOD_Index/Index/Index/_5o.nrm"
#0 C:\wamp64\www\ceppp\modules\AOD_Index\Lib\Zend\Search\Lucene\Index\SegmentWriter.php(632): Zend_Search_Lucene_Storage_Directory_Filesystem->deleteFile('_5o.nrm')
#1 C:\wamp64\www\ceppp\modules\AOD_Index\Lib\Zend\Search\Lucene\Index\SegmentWriter\DocumentWriter.php(219): Zend_Search_Lucene_Index_SegmentWriter->_generateCFS()
#2 C:\wamp64\www\ceppp\modules\AOD_Index\Lib\Zend\Search\Lucene\Index\Writer.php(771): Zend_Search_Lucene_Index_SegmentWriter_DocumentWriter->close()
#3 C:\wamp64\www\ceppp\modules\AOD_Index\Lib\Zend\Search\Lucene.php(1449): Zend_Search_Lucene_Index_Writer->commit()
#4 C:\wamp64\www\ceppp\modules\AOD_Index\Lib\Zend\Search\Lucene.php(586): Zend_Search_Lucene->commit()
#5 C:\wamp64\www\ceppp\modules\AOD_Index\Lib\Zend\Search\Lucene.php(633): Zend_Search_Lucene->_close()
#6 [internal function]: Zend_Search_Lucene->__destruct()
#7 {main}
02/22/19 22:13:34 [18152][-none-][ERROR] Can't delete file: "modules/AOD_Index/Index/Index/_5o.tis"
#0 C:\wamp64\www\ceppp\modules\AOD_Index\Lib\Zend\Search\Lucene\Index\SegmentWriter.php(632): Zend_Search_Lucene_Storage_Directory_Filesystem->deleteFile('_5o.tis')
#1 C:\wamp64\www\ceppp\modules\AOD_Index\Lib\Zend\Search\Lucene\Index\SegmentWriter\DocumentWriter.php(219): Zend_Search_Lucene_Index_SegmentWriter->_generateCFS()
#2 C:\wamp64\www\ceppp\modules\AOD_Index\Lib\Zend\Search\Lucene\Index\Writer.php(771): Zend_Search_Lucene_Index_SegmentWriter_DocumentWriter->close()
#3 C:\wamp64\www\ceppp\modules\AOD_Index\Lib\Zend\Search\Lucene.php(1449): Zend_Search_Lucene_Index_Writer->commit()
#4 C:\wamp64\www\ceppp\modules\AOD_Index\Lib\Zend\Search\Lucene.php(586): Zend_Search_Lucene->commit()
#5 C:\wamp64\www\ceppp\modules\AOD_Index\Lib\Zend\Search\Lucene.php(633): Zend_Search_Lucene->_close()
#6 [internal function]: Zend_Search_Lucene->__destruct()
#7 {main}
02/22/19 22:13:34 [18152][-none-][ERROR] Can't delete file: "modules/AOD_Index/Index/Index/_5o.tii"
#0 C:\wamp64\www\ceppp\modules\AOD_Index\Lib\Zend\Search\Lucene\Index\SegmentWriter.php(632): Zend_Search_Lucene_Storage_Directory_Filesystem->deleteFile('_5o.tii')
#1 C:\wamp64\www\ceppp\modules\AOD_Index\Lib\Zend\Search\Lucene\Index\SegmentWriter\DocumentWriter.php(219): Zend_Search_Lucene_Index_SegmentWriter->_generateCFS()
#2 C:\wamp64\www\ceppp\modules\AOD_Index\Lib\Zend\Search\Lucene\Index\Writer.php(771): Zend_Search_Lucene_Index_SegmentWriter_DocumentWriter->close()
#3 C:\wamp64\www\ceppp\modules\AOD_Index\Lib\Zend\Search\Lucene.php(1449): Zend_Search_Lucene_Index_Writer->commit()
#4 C:\wamp64\www\ceppp\modules\AOD_Index\Lib\Zend\Search\Lucene.php(586): Zend_Search_Lucene->commit()
#5 C:\wamp64\www\ceppp\modules\AOD_Index\Lib\Zend\Search\Lucene.php(633): Zend_Search_Lucene->_close()
#6 [internal function]: Zend_Search_Lucene->__destruct()
#7 {main}
02/22/19 22:13:34 [18152][-none-][ERROR] Can't delete file: "modules/AOD_Index/Index/Index/_5o.frq"
#0 C:\wamp64\www\ceppp\modules\AOD_Index\Lib\Zend\Search\Lucene\Index\SegmentWriter.php(632): Zend_Search_Lucene_Storage_Directory_Filesystem->deleteFile('_5o.frq')
#1 C:\wamp64\www\ceppp\modules\AOD_Index\Lib\Zend\Search\Lucene\Index\SegmentWriter\DocumentWriter.php(219): Zend_Search_Lucene_Index_SegmentWriter->_generateCFS()
#2 C:\wamp64\www\ceppp\modules\AOD_Index\Lib\Zend\Search\Lucene\Index\Writer.php(771): Zend_Search_Lucene_Index_SegmentWriter_DocumentWriter->close()
#3 C:\wamp64\www\ceppp\modules\AOD_Index\Lib\Zend\Search\Lucene.php(1449): Zend_Search_Lucene_Index_Writer->commit()
#4 C:\wamp64\www\ceppp\modules\AOD_Index\Lib\Zend\Search\Lucene.php(586): Zend_Search_Lucene->commit()
#5 C:\wamp64\www\ceppp\modules\AOD_Index\Lib\Zend\Search\Lucene.php(633): Zend_Search_Lucene->_close()
#6 [internal function]: Zend_Search_Lucene->__destruct()
#7 {main}
02/22/19 22:13:34 [18152][-none-][ERROR] Can't delete file: "modules/AOD_Index/Index/Index/_5o.prx"
#0 C:\wamp64\www\ceppp\modules\AOD_Index\Lib\Zend\Search\Lucene\Index\SegmentWriter.php(632): Zend_Search_Lucene_Storage_Directory_Filesystem->deleteFile('_5o.prx')
#1 C:\wamp64\www\ceppp\modules\AOD_Index\Lib\Zend\Search\Lucene\Index\SegmentWriter\DocumentWriter.php(219): Zend_Search_Lucene_Index_SegmentWriter->_generateCFS()
#2 C:\wamp64\www\ceppp\modules\AOD_Index\Lib\Zend\Search\Lucene\Index\Writer.php(771): Zend_Search_Lucene_Index_SegmentWriter_DocumentWriter->close()
#3 C:\wamp64\www\ceppp\modules\AOD_Index\Lib\Zend\Search\Lucene.php(1449): Zend_Search_Lucene_Index_Writer->commit()
#4 C:\wamp64\www\ceppp\modules\AOD_Index\Lib\Zend\Search\Lucene.php(586): Zend_Search_Lucene->commit()
#5 C:\wamp64\www\ceppp\modules\AOD_Index\Lib\Zend\Search\Lucene.php(633): Zend_Search_Lucene->_close()
#6 [internal function]: Zend_Search_Lucene->__destruct()
#7 {main}
02/22/19 22:13:35 [18152][-none-][ERROR] Can't delete file: "modules/AOD_Index/Index/Index/segments_8f"
#0 C:\wamp64\www\ceppp\modules\AOD_Index\Lib\Zend\Search\Lucene\Index\Writer.php(728): Zend_Search_Lucene_Storage_Directory_Filesystem->deleteFile('segments_8f')
#1 C:\wamp64\www\ceppp\modules\AOD_Index\Lib\Zend\Search\Lucene\Index\Writer.php(778): Zend_Search_Lucene_Index_Writer->_updateSegments()
#2 C:\wamp64\www\ceppp\modules\AOD_Index\Lib\Zend\Search\Lucene.php(1449): Zend_Search_Lucene_Index_Writer->commit()
#3 C:\wamp64\www\ceppp\modules\AOD_Index\Lib\Zend\Search\Lucene.php(586): Zend_Search_Lucene->commit()
#4 C:\wamp64\www\ceppp\modules\AOD_Index\Lib\Zend\Search\Lucene.php(633): Zend_Search_Lucene->_close()
#5 [internal function]: Zend_Search_Lucene->__destruct()
#6 {main}
02/22/19 22:13:35 [18152][-none-][ERROR] Can't delete file: "modules/AOD_Index/Index/Index/segments_8g"
#0 C:\wamp64\www\ceppp\modules\AOD_Index\Lib\Zend\Search\Lucene\Index\Writer.php(728): Zend_Search_Lucene_Storage_Directory_Filesystem->deleteFile('segments_8g')
#1 C:\wamp64\www\ceppp\modules\AOD_Index\Lib\Zend\Search\Lucene\Index\Writer.php(778): Zend_Search_Lucene_Index_Writer->_updateSegments()
#2 C:\wamp64\www\ceppp\modules\AOD_Index\Lib\Zend\Search\Lucene.php(1449): Zend_Search_Lucene_Index_Writer->commit()
#3 C:\wamp64\www\ceppp\modules\AOD_Index\Lib\Zend\Search\Lucene.php(586): Zend_Search_Lucene->commit()
#4 C:\wamp64\www\ceppp\modules\AOD_Index\Lib\Zend\Search\Lucene.php(633): Zend_Search_Lucene->_close()
#5 [internal function]: Zend_Search_Lucene->__destruct()
#6 {main}
02/22/19 22:13:35 [18152][-none-][ERROR] Can't delete file: "modules/AOD_Index/Index/Index/segments_8h"
#0 C:\wamp64\www\ceppp\modules\AOD_Index\Lib\Zend\Search\Lucene\Index\Writer.php(728): Zend_Search_Lucene_Storage_Directory_Filesystem->deleteFile('segments_8h')
#1 C:\wamp64\www\ceppp\modules\AOD_Index\Lib\Zend\Search\Lucene\Index\Writer.php(778): Zend_Search_Lucene_Index_Writer->_updateSegments()
#2 C:\wamp64\www\ceppp\modules\AOD_Index\Lib\Zend\Search\Lucene.php(1449): Zend_Search_Lucene_Index_Writer->commit()
#3 C:\wamp64\www\ceppp\modules\AOD_Index\Lib\Zend\Search\Lucene.php(586): Zend_Search_Lucene->commit()
#4 C:\wamp64\www\ceppp\modules\AOD_Index\Lib\Zend\Search\Lucene.php(633): Zend_Search_Lucene->_close()
#5 [internal function]: Zend_Search_Lucene->__destruct()
#6 {main}
02/22/19 22:13:35 [18152][-none-][ERROR] Can't delete file: "modules/AOD_Index/Index/Index/segments_8i"
#0 C:\wamp64\www\ceppp\modules\AOD_Index\Lib\Zend\Search\Lucene\Index\Writer.php(728): Zend_Search_Lucene_Storage_Directory_Filesystem->deleteFile('segments_8i')
#1 C:\wamp64\www\ceppp\modules\AOD_Index\Lib\Zend\Search\Lucene\Index\Writer.php(778): Zend_Search_Lucene_Index_Writer->_updateSegments()
#2 C:\wamp64\www\ceppp\modules\AOD_Index\Lib\Zend\Search\Lucene.php(1449): Zend_Search_Lucene_Index_Writer->commit()
#3 C:\wamp64\www\ceppp\modules\AOD_Index\Lib\Zend\Search\Lucene.php(586): Zend_Search_Lucene->commit()
#4 C:\wamp64\www\ceppp\modules\AOD_Index\Lib\Zend\Search\Lucene.php(633): Zend_Search_Lucene->_close()
#5 [internal function]: Zend_Search_Lucene->__destruct()
#6 {main}
02/22/19 22:13:35 [18152][-none-][ERROR] Can't delete file: "modules/AOD_Index/Index/Index/segments_8j"
#0 C:\wamp64\www\ceppp\modules\AOD_Index\Lib\Zend\Search\Lucene\Index\Writer.php(728): Zend_Search_Lucene_Storage_Directory_Filesystem->deleteFile('segments_8j')
#1 C:\wamp64\www\ceppp\modules\AOD_Index\Lib\Zend\Search\Lucene\Index\Writer.php(778): Zend_Search_Lucene_Index_Writer->_updateSegments()
#2 C:\wamp64\www\ceppp\modules\AOD_Index\Lib\Zend\Search\Lucene.php(1449): Zend_Search_Lucene_Index_Writer->commit()
#3 C:\wamp64\www\ceppp\modules\AOD_Index\Lib\Zend\Search\Lucene.php(586): Zend_Search_Lucene->commit()
#4 C:\wamp64\www\ceppp\modules\AOD_Index\Lib\Zend\Search\Lucene.php(633): Zend_Search_Lucene->_close()
#5 [internal function]: Zend_Search_Lucene->__destruct()
#6 {main}
02/22/19 22:13:35 [18152][-none-][ERROR] Can't delete file: "modules/AOD_Index/Index/Index/segments_8k"
#0 C:\wamp64\www\ceppp\modules\AOD_Index\Lib\Zend\Search\Lucene\Index\Writer.php(728): Zend_Search_Lucene_Storage_Directory_Filesystem->deleteFile('segments_8k')
#1 C:\wamp64\www\ceppp\modules\AOD_Index\Lib\Zend\Search\Lucene\Index\Writer.php(778): Zend_Search_Lucene_Index_Writer->_updateSegments()
#2 C:\wamp64\www\ceppp\modules\AOD_Index\Lib\Zend\Search\Lucene.php(1449): Zend_Search_Lucene_Index_Writer->commit()
#3 C:\wamp64\www\ceppp\modules\AOD_Index\Lib\Zend\Search\Lucene.php(586): Zend_Search_Lucene->commit()
#4 C:\wamp64\www\ceppp\modules\AOD_Index\Lib\Zend\Search\Lucene.php(633): Zend_Search_Lucene->_close()
#5 [internal function]: Zend_Search_Lucene->__destruct()
#6 {main}
02/22/19 22:13:42 [18152][1][ERROR] Warning: Multiple links found for relationship ent_entrevues_users within module ent_Entrevues
02/22/19 22:13:42 [18152][1][ERROR] Warning: Multiple links found for relationship ent_entrevues_users within module Users
02/22/19 22:13:52 [18152][1][ERROR] Warning: Multiple links found for relationship ent_entrevues_users within module ent_Entrevues
02/22/19 22:13:52 [18152][1][ERROR] Warning: Multiple links found for relationship ent_entrevues_users within module Users
02/22/19 22:14:06 [18152][1][ERROR] Warning: Multiple links found for relationship ent_entrevues_users within module ent_Entrevues
02/22/19 22:14:06 [18152][1][ERROR] Warning: Multiple links found for relationship ent_entrevues_users within module Users
02/22/19 22:14:07 [18152][1][ERROR] Warning: Multiple links found for relationship ent_entrevues_users within module ent_Entrevues
02/22/19 22:14:07 [18152][1][ERROR] Warning: Multiple links found for relationship ent_entrevues_users within module Users
02/22/19 22:14:20 [18152][79fc5856-a7ba-a277-8f30-5ba5661ee5d2][ERROR] Warning: Multiple links found for relationship ent_entrevues_users within module ent_Entrevues
02/22/19 22:14:20 [18152][79fc5856-a7ba-a277-8f30-5ba5661ee5d2][ERROR] Warning: Multiple links found for relationship ent_entrevues_users within module Users
02/22/19 22:14:20 [18152][79fc5856-a7ba-a277-8f30-5ba5661ee5d2][ERROR] Warning: Multiple links found for relationship ent_entrevues_users within module ent_Entrevues
02/22/19 22:14:20 [18152][79fc5856-a7ba-a277-8f30-5ba5661ee5d2][ERROR] Warning: Multiple links found for relationship ent_entrevues_users within module Users
02/22/19 22:14:21 [18152][1][ERROR] Warning: Multiple links found for relationship ent_entrevues_users within module ent_Entrevues
02/22/19 22:14:21 [18152][1][ERROR] Warning: Multiple links found for relationship ent_entrevues_users within module Users
02/22/19 22:14:42 [18152][1][ERROR] Warning: Multiple links found for relationship ent_entrevues_users within module ent_Entrevues
02/22/19 22:14:42 [18152][1][ERROR] Warning: Multiple links found for relationship ent_entrevues_users within module Users
02/22/19 22:14:53 [18152][1][ERROR] Warning: Multiple links found for relationship ent_entrevues_users within module ent_Entrevues
02/22/19 22:14:53 [18152][1][ERROR] Warning: Multiple links found for relationship ent_entrevues_users within module Users
02/22/19 22:15:07 [18152][1][ERROR] Warning: Multiple links found for relationship ent_entrevues_users within module ent_Entrevues
02/22/19 22:15:07 [18152][1][ERROR] Warning: Multiple links found for relationship ent_entrevues_users within module Users
02/22/19 22:15:08 [18152][1][ERROR] Warning: Multiple links found for relationship ent_entrevues_users within module ent_Entrevues
02/22/19 22:15:08 [18152][1][ERROR] Warning: Multiple links found for relationship ent_entrevues_users within module Users
02/22/19 22:15:20 [18152][79fc5856-a7ba-a277-8f30-5ba5661ee5d2][ERROR] Warning: Multiple links found for relationship ent_entrevues_users within module ent_Entrevues
02/22/19 22:15:20 [18152][79fc5856-a7ba-a277-8f30-5ba5661ee5d2][ERROR] Warning: Multiple links found for relationship ent_entrevues_users within module Users
02/22/19 22:15:20 [18152][79fc5856-a7ba-a277-8f30-5ba5661ee5d2][ERROR] Warning: Multiple links found for relationship ent_entrevues_users within module ent_Entrevues
02/22/19 22:15:20 [18152][79fc5856-a7ba-a277-8f30-5ba5661ee5d2][ERROR] Warning: Multiple links found for relationship ent_entrevues_users within module Users
02/22/19 22:15:21 [18152][1][ERROR] Warning: Multiple links found for relationship ent_entrevues_users within module ent_Entrevues
02/22/19 22:15:21 [18152][1][ERROR] Warning: Multiple links found for relationship ent_entrevues_users within module Users
02/22/19 22:15:44 [18152][1][ERROR] Warning: Multiple links found for relationship ent_entrevues_users within module ent_Entrevues
02/22/19 22:15:44 [18152][1][ERROR] Warning: Multiple links found for relationship ent_entrevues_users within module Users
02/22/19 22:15:54 [18152][1][ERROR] Warning: Multiple links found for relationship ent_entrevues_users within module ent_Entrevues
02/22/19 22:15:54 [18152][1][ERROR] Warning: Multiple links found for relationship ent_entrevues_users within module Users
02/22/19 22:16:08 [18152][1][ERROR] Warning: Multiple links found for relationship ent_entrevues_users within module ent_Entrevues
02/22/19 22:16:08 [18152][1][ERROR] Warning: Multiple links found for relationship ent_entrevues_users within module Users
02/22/19 22:16:09 [18152][1][ERROR] Warning: Multiple links found for relationship ent_entrevues_users within module ent_Entrevues
02/22/19 22:16:09 [18152][1][ERROR] Warning: Multiple links found for relationship ent_entrevues_users within module Users
02/22/19 22:16:20 [18152][79fc5856-a7ba-a277-8f30-5ba5661ee5d2][ERROR] Warning: Multiple links found for relationship ent_entrevues_users within module ent_Entrevues
02/22/19 22:16:20 [18152][79fc5856-a7ba-a277-8f30-5ba5661ee5d2][ERROR] Warning: Multiple links found for relationship ent_entrevues_users within module Users
02/22/19 22:16:20 [18152][79fc5856-a7ba-a277-8f30-5ba5661ee5d2][ERROR] Warning: Multiple links found for relationship ent_entrevues_users within module ent_Entrevues
02/22/19 22:16:20 [18152][79fc5856-a7ba-a277-8f30-5ba5661ee5d2][ERROR] Warning: Multiple links found for relationship ent_entrevues_users within module Users
02/22/19 22:16:21 [18152][1][ERROR] Warning: Multiple links found for relationship ent_entrevues_users within module ent_Entrevues
02/22/19 22:16:21 [18152][1][ERROR] Warning: Multiple links found for relationship ent_entrevues_users within module Users
